{"/Users/miche/Documents/code/Hello-ExpressJS/routes/hello.js": {"path":"/Users/miche/Documents/code/Hello-ExpressJS/routes/hello.js","statementMap":{"0":{"start":{"line":1,"column":14},"end":{"line":1,"column":32}},"1":{"start":{"line":2,"column":13},"end":{"line":2,"column":29}},"2":{"start":{"line":5,"column":1},"end":{"line":5,"column":30}},"3":{"start":{"line":8,"column":15},"end":{"line":8,"column":33}},"4":{"start":{"line":11,"column":0},"end":{"line":13,"column":2}},"5":{"start":{"line":12,"column":1},"end":{"line":12,"column":40}},"6":{"start":{"line":15,"column":0},"end":{"line":15,"column":24}}},"fnMap":{"0":{"name":"someFunction","decl":{"start":{"line":4,"column":9},"end":{"line":4,"column":21}},"loc":{"start":{"line":4,"column":27},"end":{"line":6,"column":1}},"line":4},"1":{"name":"(anonymous_1)","decl":{"start":{"line":11,"column":16},"end":{"line":11,"column":17}},"loc":{"start":{"line":11,"column":41},"end":{"line":13,"column":1}},"line":11}},"branchMap":{},"s":{"0":1,"1":1,"2":1,"3":1,"4":1,"5":1,"6":1},"f":{"0":1,"1":1},"b":{},"_coverageSchema":"1a1c01bbd47fc00a2c39e90264f33305004495a9","hash":"d22df31a795f6f2d7a7662c40dc5733d133ae09a"}
}
